============================= test session starts =============================
platform win32 -- Python 3.14.3, pytest-9.0.3, pluggy-1.6.0
rootdir: C:\Users\rafaelassis\Documents\Antigravity\projeto_pos_ufg
plugins: anyio-4.13.0, cov-7.1.0
collected 12 items

app\tests\test_tasks.py ......                                           [ 50%]
app\tests\unit\test_priority_advisor.py ...                              [ 75%]
app\tests\unit\test_task_service.py ...                                  [100%]

============================== warnings summary ===============================
app\database\db.py:12
  C:\Users\rafaelassis\Documents\Antigravity\projeto_pos_ufg\app\database\db.py:12: MovedIn20Warning: The ``declarative_base()`` function is now available as sqlalchemy.orm.declarative_base(). (deprecated since: 2.0) (Background on SQLAlchemy 2.0 at: https://sqlalche.me/e/b8d9)
    Base = declarative_base()

app\schemas\task_schema.py:19
  C:\Users\rafaelassis\Documents\Antigravity\projeto_pos_ufg\app\schemas\task_schema.py:19: PydanticDeprecatedSince20: Support for class-based `config` is deprecated, use ConfigDict instead. Deprecated in Pydantic V2.0 to be removed in V3.0. See Pydantic V2 Migration Guide at https://errors.pydantic.dev/2.13/migration/
    class Task(TaskBase):

-- Docs: https://docs.pytest.org/en/stable/how-to/capture-warnings.html
=============================== tests coverage ================================
_______________ coverage: platform win32, python 3.14.3-final-0 _______________

Name                                      Stmts   Miss  Cover   Missing
-----------------------------------------------------------------------
app\__init__.py                               0      0   100%
app\database\__init__.py                      0      0   100%
app\database\db.py                           12      4    67%   15-19
app\main.py                                  10      1    90%   14
app\models\__init__.py                        0      0   100%
app\models\task.py                            0      0   100%
app\models\task_model.py                      9      0   100%
app\repository\__init__.py                    0      0   100%
app\repository\task_repository.py             0      0   100%
app\routes\__init__.py                        0      0   100%
app\routes\task_routes.py                    40      5    88%   29, 35, 42, 49, 54
app\schemas\__init__.py                       0      0   100%
app\schemas\task.py                           0      0   100%
app\schemas\task_schema.py                   16      0   100%
app\services\__init__.py                      0      0   100%
app\services\priority_advisor.py              9      0   100%
app\services\task_service.py                 52      3    94%   34, 48, 62
app\tests\__init__.py                         0      0   100%
app\tests\conftest.py                        26      0   100%
app\tests\test_tasks.py                      35      0   100%
app\tests\unit\__init__.py                    0      0   100%
app\tests\unit\test_priority_advisor.py       9      0   100%
app\tests\unit\test_task_service.py          20      0   100%
-----------------------------------------------------------------------
TOTAL                                       238     13    95%
======================= 12 passed, 2 warnings in 0.97s ========================
